Build started 9/24/2013 10:40:46 AM.
     1>Project "C:\Users\Jeepers\Desktop\SMCC\c++ 275\Program 2 movie calulator\moviceCalulator\moviceCalulator\moviceCalulator.vcxproj" on node 2 (build target(s)).
     1>InitializeBuildStatus:
         Creating "Release\moviceCalulator.unsuccessfulbuild" because "AlwaysCreate" was specified.
       ClCompile:
         c:\Program Files (x86)\Microsoft Visual Studio 10.0\VC\bin\CL.exe /c /Zi /nologo /W3 /WX- /O2 /Oi /Oy- /GL /D WIN32 /D NDEBUG /D _CONSOLE /D _UNICODE /D UNICODE /Gm- /EHsc /MD /GS /Gy /fp:precise /Zc:wchar_t /Zc:forScope /Fo"Release\\" /Fd"Release\vc100.pdb" /Gd /TP /analyze- /errorReport:prompt movie.cpp
         movie.cpp
       Link:
         c:\Program Files (x86)\Microsoft Visual Studio 10.0\VC\bin\link.exe /ERRORREPORT:PROMPT /OUT:"C:\Users\Jeepers\Desktop\SMCC\c++ 275\Program 2 movie calulator\moviceCalulator\Release\moviceCalulator.exe" /INCREMENTAL:NO /NOLOGO kernel32.lib user32.lib gdi32.lib winspool.lib comdlg32.lib advapi32.lib shell32.lib ole32.lib oleaut32.lib uuid.lib odbc32.lib odbccp32.lib /MANIFEST /ManifestFile:"Release\moviceCalulator.exe.intermediate.manifest" /MANIFESTUAC:"level='asInvoker' uiAccess='false'" /DEBUG /PDB:"C:\Users\Jeepers\Desktop\SMCC\c++ 275\Program 2 movie calulator\moviceCalulator\Release\moviceCalulator.pdb" /SUBSYSTEM:CONSOLE /OPT:REF /OPT:ICF /LTCG /TLBID:1 /DYNAMICBASE /NXCOMPAT /IMPLIB:"C:\Users\Jeepers\Desktop\SMCC\c++ 275\Program 2 movie calulator\moviceCalulator\Release\moviceCalulator.lib" /MACHINE:X86 Release\movie.obj
         Generating code
         Finished generating code
         moviceCalulator.vcxproj -> C:\Users\Jeepers\Desktop\SMCC\c++ 275\Program 2 movie calulator\moviceCalulator\Release\moviceCalulator.exe
       Manifest:
         C:\Program Files (x86)\Microsoft SDKs\Windows\v7.0A\bin\mt.exe /nologo /verbose /outputresource:"C:\Users\Jeepers\Desktop\SMCC\c++ 275\Program 2 movie calulator\moviceCalulator\Release\moviceCalulator.exe;#1" /manifest Release\moviceCalulator.exe.intermediate.manifest
       FinalizeBuildStatus:
         Deleting file "Release\moviceCalulator.unsuccessfulbuild".
         Touching "Release\moviceCalulator.lastbuildstate".
     1>Done Building Project "C:\Users\Jeepers\Desktop\SMCC\c++ 275\Program 2 movie calulator\moviceCalulator\moviceCalulator\moviceCalulator.vcxproj" (build target(s)).

Build succeeded.

Time Elapsed 00:00:00.63
